Performing C++ SOURCE FILE Test CMAKE_HAVE_LIBC_PTHREAD failed with the following output:
Change Dir: /home/liutianqiang/DATA/fastImageRead/build/CMakeFiles/CMakeTmp

Run Build Command(s):/usr/bin/make -f Makefile cmTC_9859c/fast && /usr/bin/make  -f CMakeFiles/cmTC_9859c.dir/build.make CMakeFiles/cmTC_9859c.dir/build
make[1]: Entering directory '/data/liutianqiang/fastImageRead/build/CMakeFiles/CMakeTmp'
Building CXX object CMakeFiles/cmTC_9859c.dir/src.cxx.o
/usr/bin/g++ -DCMAKE_HAVE_LIBC_PTHREAD   -o CMakeFiles/cmTC_9859c.dir/src.cxx.o -c /home/liutianqiang/DATA/fastImageRead/build/CMakeFiles/CMakeTmp/src.cxx
Linking CXX executable cmTC_9859c
/usr/local/bin/cmake -E cmake_link_script CMakeFiles/cmTC_9859c.dir/link.txt --verbose=1
/usr/bin/g++ -rdynamic CMakeFiles/cmTC_9859c.dir/src.cxx.o -o cmTC_9859c 
CMakeFiles/cmTC_9859c.dir/src.cxx.o: In function `main':
src.cxx:(.text+0x3c): undefined reference to `pthread_create'
src.cxx:(.text+0x48): undefined reference to `pthread_detach'
src.cxx:(.text+0x54): undefined reference to `pthread_cancel'
src.cxx:(.text+0x65): undefined reference to `pthread_join'
src.cxx:(.text+0x79): undefined reference to `pthread_atfork'
collect2: error: ld returned 1 exit status
CMakeFiles/cmTC_9859c.dir/build.make:98: recipe for target 'cmTC_9859c' failed
make[1]: *** [cmTC_9859c] Error 1
make[1]: Leaving directory '/data/liutianqiang/fastImageRead/build/CMakeFiles/CMakeTmp'
Makefile:127: recipe for target 'cmTC_9859c/fast' failed
make: *** [cmTC_9859c/fast] Error 2


Source file was:
#include <pthread.h>

static void* test_func(void* data)
{
  return data;
}

int main(void)
{
  pthread_t thread;
  pthread_create(&thread, NULL, test_func, NULL);
  pthread_detach(thread);
  pthread_cancel(thread);
  pthread_join(thread, NULL);
  pthread_atfork(NULL, NULL, NULL);
  pthread_exit(NULL);

  return 0;
}

Determining if the function pthread_create exists in the pthreads failed with the following output:
Change Dir: /home/liutianqiang/DATA/fastImageRead/build/CMakeFiles/CMakeTmp

Run Build Command(s):/usr/bin/make -f Makefile cmTC_861fb/fast && /usr/bin/make  -f CMakeFiles/cmTC_861fb.dir/build.make CMakeFiles/cmTC_861fb.dir/build
make[1]: Entering directory '/data/liutianqiang/fastImageRead/build/CMakeFiles/CMakeTmp'
Building CXX object CMakeFiles/cmTC_861fb.dir/CheckFunctionExists.cxx.o
/usr/bin/g++   -DCHECK_FUNCTION_EXISTS=pthread_create -o CMakeFiles/cmTC_861fb.dir/CheckFunctionExists.cxx.o -c /home/liutianqiang/DATA/fastImageRead/build/CMakeFiles/CheckLibraryExists/CheckFunctionExists.cxx
Linking CXX executable cmTC_861fb
/usr/local/bin/cmake -E cmake_link_script CMakeFiles/cmTC_861fb.dir/link.txt --verbose=1
/usr/bin/g++  -DCHECK_FUNCTION_EXISTS=pthread_create -rdynamic CMakeFiles/cmTC_861fb.dir/CheckFunctionExists.cxx.o -o cmTC_861fb  -lpthreads 
/usr/bin/ld: cannot find -lpthreads
collect2: error: ld returned 1 exit status
CMakeFiles/cmTC_861fb.dir/build.make:98: recipe for target 'cmTC_861fb' failed
make[1]: *** [cmTC_861fb] Error 1
make[1]: Leaving directory '/data/liutianqiang/fastImageRead/build/CMakeFiles/CMakeTmp'
Makefile:127: recipe for target 'cmTC_861fb/fast' failed
make: *** [cmTC_861fb/fast] Error 2



